2023-08-10 14:54:27,097 INFO [main] U.Utilidades [Utilidades.java:74] Comprobando el entorno de ejecucion
2023-08-10 14:54:27,100 INFO [main] U.Utilidades [Utilidades.java:75] Environment: DEVELOPMENT
2023-08-10 14:54:27,102 INFO [main] U.Utilidades [Utilidades.java:92] Variables de entorno establecidas
2023-08-10 14:54:28,279 INFO [main] i.g.b.w.WebDriverManager [WebDriverManager.java:1238] Using msedgedriver 115.0.1901.200 (resolved driver for Edge 115)
2023-08-10 14:54:28,303 INFO [main] i.g.b.w.WebDriverManager [WebDriverManager.java:1291] Exporting webdriver.edge.driver as C:\Users\FelipeSoublette\.cache\selenium\msedgedriver\win64\115.0.1901.200\msedgedriver.exe
2023-08-10 14:54:30,197 INFO [main] S.H.Hooks [Hooks.java:31] Nombre de escenario: Inicar sesion en Registro de Horas Akzio
2023-08-10 14:54:30,198 INFO [main] S.H.Hooks [Hooks.java:32] Tag: login
2023-08-10 14:54:30,198 INFO [main] S.H.Hooks [Hooks.java:33] Configurando Scenario Context
2023-08-10 14:54:30,229 INFO [main] S.A.AutenticacionStepDefinition [AutenticacionStepDefinition.java:39] Obtener la url desde las variables de entorno
2023-08-10 14:54:30,236 INFO [main] S.A.AutenticacionStepDefinition [AutenticacionStepDefinition.java:42] Navegar a la pagina de login
2023-08-10 14:54:34,309 INFO [main] S.A.AutenticacionStepDefinition [AutenticacionStepDefinition.java:67] Enviando los valores al campo de usuario
2023-08-10 14:54:34,624 INFO [main] S.A.AutenticacionStepDefinition [AutenticacionStepDefinition.java:69] Enviando los valores al campo de contraseña
2023-08-10 14:54:36,739 INFO [main] S.A.AutenticacionStepDefinition [AutenticacionStepDefinition.java:92] Click al boton Log In
2023-08-10 14:54:36,994 INFO [main] S.A.AutenticacionStepDefinition [AutenticacionStepDefinition.java:112] Comprobando si la cuenta pertenece a DIEGO NUÑEZ
2023-08-10 14:54:41,914 INFO [main] S.H.Hooks [Hooks.java:43] Cerrando Driver
2023-08-10 14:54:45,218 INFO [main] U.Utilidades [Utilidades.java:74] Comprobando el entorno de ejecucion
2023-08-10 14:54:45,219 INFO [main] U.Utilidades [Utilidades.java:75] Environment: DEVELOPMENT
2023-08-10 14:54:45,220 INFO [main] U.Utilidades [Utilidades.java:92] Variables de entorno establecidas
2023-08-10 14:54:45,236 INFO [main] i.g.b.w.WebDriverManager [WebDriverManager.java:1238] Using msedgedriver 115.0.1901.200 (resolved driver for Edge 115)
2023-08-10 14:54:45,244 INFO [main] i.g.b.w.WebDriverManager [WebDriverManager.java:1291] Exporting webdriver.edge.driver as C:\Users\FelipeSoublette\.cache\selenium\msedgedriver\win64\115.0.1901.200\msedgedriver.exe
2023-08-10 14:54:46,109 INFO [main] S.H.Hooks [Hooks.java:31] Nombre de escenario: Flujo E2E Registro de hora
2023-08-10 14:54:46,109 INFO [main] S.H.Hooks [Hooks.java:32] Tag: registro_hora
2023-08-10 14:54:46,109 INFO [main] S.H.Hooks [Hooks.java:33] Configurando Scenario Context
2023-08-10 14:54:46,110 INFO [main] S.A.AutenticacionStepDefinition [AutenticacionStepDefinition.java:39] Obtener la url desde las variables de entorno
2023-08-10 14:54:46,111 INFO [main] S.A.AutenticacionStepDefinition [AutenticacionStepDefinition.java:42] Navegar a la pagina de login
2023-08-10 14:54:49,930 INFO [main] S.A.AutenticacionStepDefinition [AutenticacionStepDefinition.java:134] Enviando los valores al campo de usuario
2023-08-10 14:54:50,180 INFO [main] S.A.AutenticacionStepDefinition [AutenticacionStepDefinition.java:136] Enviando los valores al campo de contraseña
2023-08-10 14:54:52,064 INFO [main] S.A.AutenticacionStepDefinition [AutenticacionStepDefinition.java:92] Click al boton Log In
2023-08-10 14:54:52,251 INFO [main] S.R.RegistroDeHorasStepDefinition [RegistroDeHorasStepDefinition.java:32] Click al menu colapsable de Administrador
2023-08-10 14:54:55,139 INFO [main] S.R.RegistroDeHorasStepDefinition [RegistroDeHorasStepDefinition.java:53] click al link de ingreso supervisor
2023-08-10 14:54:59,043 INFO [main] S.R.RegistroDeHorasStepDefinition [RegistroDeHorasStepDefinition.java:75] click al boton de Cargar Hora
2023-08-10 14:55:01,418 INFO [main] S.R.RegistroDeHorasStepDefinition [RegistroDeHorasStepDefinition.java:97] Rellenar formulario de Cargar Tarea
2023-08-10 14:55:07,312 INFO [main] S.R.RegistroDeHorasStepDefinition [RegistroDeHorasStepDefinition.java:122] Click en Boton Guardar
2023-08-10 14:55:07,512 INFO [main] S.R.RegistroDeHorasStepDefinition [RegistroDeHorasStepDefinition.java:142] Validar modal de guardado con exito
2023-08-10 14:55:07,978 INFO [main] S.H.Hooks [Hooks.java:43] Cerrando Driver
