2023-08-10 16:22:14,131 INFO [main] U.Utilidades [Utilidades.java:74] Comprobando el entorno de ejecucion
2023-08-10 16:22:14,134 INFO [main] U.Utilidades [Utilidades.java:75] Environment: DEVELOPMENT
2023-08-10 16:22:14,137 INFO [main] U.Utilidades [Utilidades.java:92] Variables de entorno establecidas
2023-08-10 16:22:15,243 ERROR [main] i.g.b.w.o.HttpClient [HttpClient.java:176] Error HTTP 404 executing https://chromedriver.storage.googleapis.com/LATEST_RELEASE_115
2023-08-10 16:22:15,244 WARN [main] i.g.b.w.v.VersionDetector [VersionDetector.java:123] Exception reading https://chromedriver.storage.googleapis.com/LATEST_RELEASE_115 to get latest version of chromedriver (Error HTTP 404 executing https://chromedriver.storage.googleapis.com/LATEST_RELEASE_115)
2023-08-10 16:22:15,325 INFO [main] i.g.b.w.WebDriverManager [WebDriverManager.java:1291] Exporting webdriver.chrome.driver as C:\Users\FelipeSoublette\.cache\selenium\chromedriver\win32\114.0.5735.90\chromedriver.exe
2023-08-10 16:22:17,885 INFO [main] S.H.Hooks [Hooks.java:31] Nombre de escenario: Inicar sesion en Registro de Horas Akzio
2023-08-10 16:22:17,886 INFO [main] S.H.Hooks [Hooks.java:32] Tag: IK-1
2023-08-10 16:22:17,886 INFO [main] S.H.Hooks [Hooks.java:33] Configurando Scenario Context
2023-08-10 16:22:17,929 INFO [main] S.A.AutenticacionStepDefinition [AutenticacionStepDefinition.java:39] Obtener la url desde las variables de entorno
2023-08-10 16:22:17,941 INFO [main] S.A.AutenticacionStepDefinition [AutenticacionStepDefinition.java:42] Navegar a la pagina de login
2023-08-10 16:22:21,730 INFO [main] S.A.AutenticacionStepDefinition [AutenticacionStepDefinition.java:67] Enviando los valores al campo de usuario
2023-08-10 16:22:22,030 INFO [main] S.A.AutenticacionStepDefinition [AutenticacionStepDefinition.java:69] Enviando los valores al campo de contraseña
2023-08-10 16:22:23,933 INFO [main] S.A.AutenticacionStepDefinition [AutenticacionStepDefinition.java:92] Click al boton Log In
2023-08-10 16:22:24,145 INFO [main] S.A.AutenticacionStepDefinition [AutenticacionStepDefinition.java:112] Comprobando si la cuenta pertenece a DIEGO NUÑEZ
2023-08-10 16:22:28,181 INFO [main] S.H.Hooks [Hooks.java:42] Cerrando Driver
2023-08-10 16:22:31,445 INFO [main] U.Utilidades [Utilidades.java:74] Comprobando el entorno de ejecucion
2023-08-10 16:22:31,445 INFO [main] U.Utilidades [Utilidades.java:75] Environment: DEVELOPMENT
2023-08-10 16:22:31,446 INFO [main] U.Utilidades [Utilidades.java:92] Variables de entorno establecidas
2023-08-10 16:22:31,795 ERROR [main] i.g.b.w.o.HttpClient [HttpClient.java:176] Error HTTP 404 executing https://chromedriver.storage.googleapis.com/LATEST_RELEASE_115
2023-08-10 16:22:31,796 WARN [main] i.g.b.w.v.VersionDetector [VersionDetector.java:123] Exception reading https://chromedriver.storage.googleapis.com/LATEST_RELEASE_115 to get latest version of chromedriver (Error HTTP 404 executing https://chromedriver.storage.googleapis.com/LATEST_RELEASE_115)
2023-08-10 16:22:31,849 INFO [main] i.g.b.w.WebDriverManager [WebDriverManager.java:1291] Exporting webdriver.chrome.driver as C:\Users\FelipeSoublette\.cache\selenium\chromedriver\win32\114.0.5735.90\chromedriver.exe
2023-08-10 16:22:32,635 INFO [main] S.H.Hooks [Hooks.java:31] Nombre de escenario: Flujo E2E Registro de hora
2023-08-10 16:22:32,635 INFO [main] S.H.Hooks [Hooks.java:32] Tag: registro_hora
2023-08-10 16:22:32,635 INFO [main] S.H.Hooks [Hooks.java:33] Configurando Scenario Context
2023-08-10 16:22:32,637 INFO [main] S.A.AutenticacionStepDefinition [AutenticacionStepDefinition.java:39] Obtener la url desde las variables de entorno
2023-08-10 16:22:32,638 INFO [main] S.A.AutenticacionStepDefinition [AutenticacionStepDefinition.java:42] Navegar a la pagina de login
2023-08-10 16:22:36,148 INFO [main] S.A.AutenticacionStepDefinition [AutenticacionStepDefinition.java:134] Enviando los valores al campo de usuario
2023-08-10 16:22:36,447 INFO [main] S.A.AutenticacionStepDefinition [AutenticacionStepDefinition.java:136] Enviando los valores al campo de contraseña
2023-08-10 16:22:38,332 INFO [main] S.A.AutenticacionStepDefinition [AutenticacionStepDefinition.java:92] Click al boton Log In
2023-08-10 16:22:38,603 INFO [main] S.R.RegistroDeHorasStepDefinition [RegistroDeHorasStepDefinition.java:32] Click al menu colapsable de Administrador
2023-08-10 16:22:41,426 INFO [main] S.R.RegistroDeHorasStepDefinition [RegistroDeHorasStepDefinition.java:53] click al link de ingreso supervisor
2023-08-10 16:22:45,305 INFO [main] S.R.RegistroDeHorasStepDefinition [RegistroDeHorasStepDefinition.java:75] click al boton de Cargar Hora
2023-08-10 16:22:47,674 INFO [main] S.R.RegistroDeHorasStepDefinition [RegistroDeHorasStepDefinition.java:97] Rellenar formulario de Cargar Tarea
2023-08-10 16:22:54,680 INFO [main] S.R.RegistroDeHorasStepDefinition [RegistroDeHorasStepDefinition.java:122] Click en Boton Guardar
2023-08-10 16:22:54,893 INFO [main] S.R.RegistroDeHorasStepDefinition [RegistroDeHorasStepDefinition.java:142] Validar modal de guardado con exito
2023-08-10 16:22:55,430 INFO [main] S.H.Hooks [Hooks.java:42] Cerrando Driver
