2023-08-03 09:40:56,050 INFO [main] U.Utilidades [Utilidades.java:73] Comprobando el entorno de ejecucion
2023-08-03 09:40:56,053 INFO [main] U.Utilidades [Utilidades.java:74] Environment: DEVELOPMENT
2023-08-03 09:40:56,053 INFO [main] U.Utilidades [Utilidades.java:91] Variables de entorno establecidas
2023-08-03 09:40:56,997 ERROR [main] i.g.b.w.o.HttpClient [HttpClient.java:176] Error HTTP 404 executing https://chromedriver.storage.googleapis.com/LATEST_RELEASE_115
2023-08-03 09:40:56,998 WARN [main] i.g.b.w.v.VersionDetector [VersionDetector.java:123] Exception reading https://chromedriver.storage.googleapis.com/LATEST_RELEASE_115 to get latest version of chromedriver (Error HTTP 404 executing https://chromedriver.storage.googleapis.com/LATEST_RELEASE_115)
2023-08-03 09:40:57,050 INFO [main] i.g.b.w.WebDriverManager [WebDriverManager.java:1291] Exporting webdriver.chrome.driver as C:\Users\FelipeSoublette\.cache\selenium\chromedriver\win32\114.0.5735.90\chromedriver.exe
2023-08-03 09:40:59,319 INFO [main] S.H.Hooks [Hooks.java:28] Nombre de escenario: Inicar sesion en Registro de Horas Akzio
2023-08-03 09:40:59,320 INFO [main] S.H.Hooks [Hooks.java:29] Tag: login
2023-08-03 09:40:59,320 INFO [main] S.H.Hooks [Hooks.java:30] Configurando Scenario Context
2023-08-03 09:40:59,388 INFO [main] S.A.AutenticacionStepDefinition [AutenticacionStepDefinition.java:39] Obtener la url desde las variables de entorno
2023-08-03 09:40:59,404 INFO [main] S.A.AutenticacionStepDefinition [AutenticacionStepDefinition.java:42] Navegar a la pagina de login
2023-08-03 09:41:03,785 INFO [main] S.A.AutenticacionStepDefinition [AutenticacionStepDefinition.java:67] Enviando los valores al campo de usuario
2023-08-03 09:41:04,139 INFO [main] S.A.AutenticacionStepDefinition [AutenticacionStepDefinition.java:69] Enviando los valores al campo de contraseña
2023-08-03 09:41:06,064 INFO [main] S.A.AutenticacionStepDefinition [AutenticacionStepDefinition.java:92] Click al boton Log In
2023-08-03 09:41:06,300 INFO [main] S.A.AutenticacionStepDefinition [AutenticacionStepDefinition.java:112] Comprobando si la cuenta pertenece a DIEGO NUÑEZ
2023-08-03 09:41:11,162 INFO [main] S.H.Hooks [Hooks.java:41] Cerrando Driver
2023-08-03 09:41:14,881 INFO [main] U.Utilidades [Utilidades.java:73] Comprobando el entorno de ejecucion
2023-08-03 09:41:14,881 INFO [main] U.Utilidades [Utilidades.java:74] Environment: DEVELOPMENT
2023-08-03 09:41:14,881 INFO [main] U.Utilidades [Utilidades.java:91] Variables de entorno establecidas
2023-08-03 09:41:15,234 ERROR [main] i.g.b.w.o.HttpClient [HttpClient.java:176] Error HTTP 404 executing https://chromedriver.storage.googleapis.com/LATEST_RELEASE_115
2023-08-03 09:41:15,235 WARN [main] i.g.b.w.v.VersionDetector [VersionDetector.java:123] Exception reading https://chromedriver.storage.googleapis.com/LATEST_RELEASE_115 to get latest version of chromedriver (Error HTTP 404 executing https://chromedriver.storage.googleapis.com/LATEST_RELEASE_115)
2023-08-03 09:41:15,445 INFO [main] i.g.b.w.WebDriverManager [WebDriverManager.java:1291] Exporting webdriver.chrome.driver as C:\Users\FelipeSoublette\.cache\selenium\chromedriver\win32\114.0.5735.90\chromedriver.exe
2023-08-03 09:41:16,582 INFO [main] S.H.Hooks [Hooks.java:28] Nombre de escenario: Flujo E2E Registro de hora
2023-08-03 09:41:16,583 INFO [main] S.H.Hooks [Hooks.java:29] Tag: registro_hora
2023-08-03 09:41:16,583 INFO [main] S.H.Hooks [Hooks.java:30] Configurando Scenario Context
2023-08-03 09:41:16,585 INFO [main] S.A.AutenticacionStepDefinition [AutenticacionStepDefinition.java:39] Obtener la url desde las variables de entorno
2023-08-03 09:41:16,586 INFO [main] S.A.AutenticacionStepDefinition [AutenticacionStepDefinition.java:42] Navegar a la pagina de login
2023-08-03 09:41:20,907 INFO [main] S.A.AutenticacionStepDefinition [AutenticacionStepDefinition.java:134] Enviando los valores al campo de usuario
2023-08-03 09:41:21,165 INFO [main] S.A.AutenticacionStepDefinition [AutenticacionStepDefinition.java:136] Enviando los valores al campo de contraseña
2023-08-03 09:41:23,006 INFO [main] S.A.AutenticacionStepDefinition [AutenticacionStepDefinition.java:92] Click al boton Log In
2023-08-03 09:41:23,222 INFO [main] S.R.RegistroDeHorasStepDefinition [RegistroDeHorasStepDefinition.java:32] Click al menu colapsable de Administrador
2023-08-03 09:41:26,146 INFO [main] S.R.RegistroDeHorasStepDefinition [RegistroDeHorasStepDefinition.java:53] click al link de ingreso supervisor
2023-08-03 09:41:30,005 INFO [main] S.R.RegistroDeHorasStepDefinition [RegistroDeHorasStepDefinition.java:75] click al boton de Cargar Hora
2023-08-03 09:41:32,346 INFO [main] S.R.RegistroDeHorasStepDefinition [RegistroDeHorasStepDefinition.java:97] Rellenar formulario de Cargar Tarea
2023-08-03 09:41:38,461 INFO [main] S.R.RegistroDeHorasStepDefinition [RegistroDeHorasStepDefinition.java:122] Click en Boton Guardar
2023-08-03 09:41:38,659 INFO [main] S.R.RegistroDeHorasStepDefinition [RegistroDeHorasStepDefinition.java:142] Validar modal de guardado con exito
2023-08-03 09:41:39,119 INFO [main] S.H.Hooks [Hooks.java:41] Cerrando Driver
