2024-02-14 18:20:48,901 INFO [main] U.Utilidades [Utilidades.java:68] Comprobando el entorno de ejecucion
2024-02-14 18:20:48,902 INFO [main] U.Utilidades [Utilidades.java:69] Environment: DEVELOPMENT
2024-02-14 18:20:48,903 INFO [main] U.Utilidades [Utilidades.java:86] Variables de entorno establecidas
2024-02-14 18:20:49,062 INFO [main] i.g.b.w.WebDriverManager [WebDriverManager.java:1217] Using chromedriver 121.0.6167.85 (resolved driver for Chrome 121)
2024-02-14 18:20:49,071 INFO [main] i.g.b.w.WebDriverManager [WebDriverManager.java:1270] Exporting webdriver.chrome.driver as /Users/equipoqa/.cache/selenium/chromedriver/mac-arm64/121.0.6167.85/chromedriver
2024-02-14 18:20:49,943 INFO [main] S.H.Hooks [Hooks.java:30] Nombre de escenario: 10 - Modificar los subtitulos del video "Advanced Bip Bop"
2024-02-14 18:20:49,943 INFO [main] S.H.Hooks [Hooks.java:31] Tag: web
2024-02-14 18:20:49,944 INFO [main] S.H.Hooks [Hooks.java:32] Configurando Scenario Context
2024-02-14 18:20:49,957 INFO [main] S.R.VideoJSDefinition [VideoJSDefinition.java:29] Ingreso a portal VideoJS
2024-02-14 18:20:52,677 INFO [main] S.R.VideoJSDefinition [VideoJSDefinition.java:157] 
2024-02-14 18:20:53,733 INFO [main] S.R.VideoJSDefinition [VideoJSDefinition.java:54] Selecciono play al video desplegado
2024-02-14 18:20:55,400 INFO [main] S.R.VideoJSDefinition [VideoJSDefinition.java:80] Validar modal de guardado con exito
2024-02-14 18:20:56,522 INFO [main] S.R.VideoJSDefinition [VideoJSDefinition.java:544] 
2024-02-14 18:20:57,568 INFO [main] S.R.VideoJSDefinition [VideoJSDefinition.java:519] 
2024-02-14 18:20:58,603 INFO [main] S.R.VideoJSDefinition [VideoJSDefinition.java:443] 
2024-02-14 18:20:59,474 INFO [main] S.R.VideoJSDefinition [VideoJSDefinition.java:468] 
2024-02-14 18:21:00,371 INFO [main] S.R.VideoJSDefinition [VideoJSDefinition.java:569] 
2024-02-14 18:21:01,380 INFO [main] S.R.VideoJSDefinition [VideoJSDefinition.java:416] 
2024-02-14 18:21:07,554 INFO [main] S.R.VideoJSDefinition [VideoJSDefinition.java:105] Validar modal de guardado con exito
2024-02-14 18:21:18,905 INFO [main] S.H.Hooks [Hooks.java:41] Cerrando Driver
