2024-02-14 13:12:55,991 INFO [main] U.Utilidades [Utilidades.java:68] Comprobando el entorno de ejecucion
2024-02-14 13:12:55,992 INFO [main] U.Utilidades [Utilidades.java:69] Environment: DEVELOPMENT
2024-02-14 13:12:55,993 INFO [main] U.Utilidades [Utilidades.java:86] Variables de entorno establecidas
2024-02-14 13:12:56,000 DEBUG [main] i.g.b.w.WebDriverManager [WebDriverManager.java:225] Using WebDriverManager 5.5.3
2024-02-14 13:12:56,138 DEBUG [main] i.g.b.w.c.ResolutionCache [ResolutionCache.java:186] Resolution chrome=121 in cache (valid until 13:55:35 14/02/2024 CLST)
2024-02-14 13:12:56,139 DEBUG [main] i.g.b.w.c.ResolutionCache [ResolutionCache.java:186] Resolution chrome121=121.0.6167.85 in cache (valid until 16:12:41 14/02/2024 CLST)
2024-02-14 13:12:56,140 INFO [main] i.g.b.w.WebDriverManager [WebDriverManager.java:1217] Using chromedriver 121.0.6167.85 (resolved driver for Chrome 121)
2024-02-14 13:12:56,147 DEBUG [main] i.g.b.w.WebDriverManager [WebDriverManager.java:1172] Driver chromedriver 121.0.6167.85 found in cache
2024-02-14 13:12:56,148 INFO [main] i.g.b.w.WebDriverManager [WebDriverManager.java:1270] Exporting webdriver.chrome.driver as /Users/equipoqa/.cache/selenium/chromedriver/mac-arm64/121.0.6167.85/chromedriver
2024-02-14 13:12:56,207 DEBUG [main] i.n.u.i.l.InternalLoggerFactory [InternalLoggerFactory.java:63] Using SLF4J as the default logging framework
2024-02-14 13:12:56,208 DEBUG [main] i.n.u.ResourceLeakDetector [ResourceLeakDetector.java:129] -Dio.netty.leakDetection.level: simple
2024-02-14 13:12:56,208 DEBUG [main] i.n.u.ResourceLeakDetector [ResourceLeakDetector.java:130] -Dio.netty.leakDetection.targetRecords: 4
2024-02-14 13:12:56,210 DEBUG [main] i.n.u.ResourceLeakDetectorFactory [ResourceLeakDetectorFactory.java:196] Loaded default ResourceLeakDetector: io.netty.util.ResourceLeakDetector@62db0521
2024-02-14 13:12:56,216 DEBUG [main] i.n.u.i.PlatformDependent0 [PlatformDependent0.java:496] -Dio.netty.noUnsafe: false
2024-02-14 13:12:56,216 DEBUG [main] i.n.u.i.PlatformDependent0 [PlatformDependent0.java:1000] Java version: 11
2024-02-14 13:12:56,217 DEBUG [main] i.n.u.i.PlatformDependent0 [PlatformDependent0.java:137] sun.misc.Unsafe.theUnsafe: available
2024-02-14 13:12:56,217 DEBUG [main] i.n.u.i.PlatformDependent0 [PlatformDependent0.java:161] sun.misc.Unsafe.copyMemory: available
2024-02-14 13:12:56,217 DEBUG [main] i.n.u.i.PlatformDependent0 [PlatformDependent0.java:193] sun.misc.Unsafe.storeFence: available
2024-02-14 13:12:56,217 DEBUG [main] i.n.u.i.PlatformDependent0 [PlatformDependent0.java:236] java.nio.Buffer.address: available
2024-02-14 13:12:56,218 DEBUG [main] i.n.u.i.PlatformDependent0 [PlatformDependent0.java:320] direct buffer constructor: unavailable: Reflective setAccessible(true) disabled
2024-02-14 13:12:56,218 DEBUG [main] i.n.u.i.PlatformDependent0 [PlatformDependent0.java:385] java.nio.Bits.unaligned: available, true
2024-02-14 13:12:56,218 DEBUG [main] i.n.u.i.PlatformDependent0 [PlatformDependent0.java:452] jdk.internal.misc.Unsafe.allocateUninitializedArray(int): unavailable: class io.netty.util.internal.PlatformDependent0$7 cannot access class jdk.internal.misc.Unsafe (in module java.base) because module java.base does not export jdk.internal.misc to unnamed module @22bac7bc
2024-02-14 13:12:56,219 DEBUG [main] i.n.u.i.PlatformDependent0 [PlatformDependent0.java:482] java.nio.DirectByteBuffer.<init>(long, int): unavailable
2024-02-14 13:12:56,219 DEBUG [main] i.n.u.i.PlatformDependent [PlatformDependent.java:1159] sun.misc.Unsafe: available
2024-02-14 13:12:56,224 DEBUG [main] i.n.u.i.PlatformDependent [PlatformDependent.java:1270] maxDirectMemory: 4294967296 bytes (maybe)
2024-02-14 13:12:56,224 DEBUG [main] i.n.u.i.PlatformDependent [PlatformDependent.java:1289] -Dio.netty.tmpdir: /var/folders/hl/fvmyjw617dj8jrjsnsww1_ch0000gp/T (java.io.tmpdir)
2024-02-14 13:12:56,224 DEBUG [main] i.n.u.i.PlatformDependent [PlatformDependent.java:1368] -Dio.netty.bitMode: 64 (sun.arch.data.model)
2024-02-14 13:12:56,224 DEBUG [main] i.n.u.i.PlatformDependent [PlatformDependent.java:1127] Platform: MacOS
2024-02-14 13:12:56,224 DEBUG [main] i.n.u.i.PlatformDependent [PlatformDependent.java:178] -Dio.netty.maxDirectMemory: -1 bytes
2024-02-14 13:12:56,224 DEBUG [main] i.n.u.i.PlatformDependent [PlatformDependent.java:185] -Dio.netty.uninitializedArrayAllocationThreshold: -1
2024-02-14 13:12:56,225 DEBUG [main] i.n.u.i.CleanerJava9 [CleanerJava9.java:71] java.nio.ByteBuffer.cleaner(): available
2024-02-14 13:12:56,225 DEBUG [main] i.n.u.i.PlatformDependent [PlatformDependent.java:205] -Dio.netty.noPreferDirect: false
2024-02-14 13:12:56,228 DEBUG [main] i.n.u.i.PlatformDependent [PlatformDependent.java:1010] org.jctools-core.MpscChunkedArrayQueue: available
2024-02-14 13:12:56,236 DEBUG [main] i.n.u.i.InternalThreadLocalMap [InternalThreadLocalMap.java:86] -Dio.netty.threadLocalMap.stringBuilder.initialSize: 1024
2024-02-14 13:12:56,236 DEBUG [main] i.n.u.i.InternalThreadLocalMap [InternalThreadLocalMap.java:89] -Dio.netty.threadLocalMap.stringBuilder.maxSize: 4096
2024-02-14 13:12:56,245 DEBUG [main] i.n.h.s.JdkSslContext [JdkSslContext.java:83] Default protocols (JDK): [TLSv1.3, TLSv1.2] 
2024-02-14 13:12:56,245 DEBUG [main] i.n.h.s.JdkSslContext [JdkSslContext.java:84] Default cipher suites (JDK): [TLS_ECDHE_ECDSA_WITH_AES_256_GCM_SHA384, TLS_ECDHE_ECDSA_WITH_AES_128_GCM_SHA256, TLS_ECDHE_RSA_WITH_AES_128_GCM_SHA256, TLS_ECDHE_RSA_WITH_AES_256_GCM_SHA384, TLS_ECDHE_RSA_WITH_AES_128_CBC_SHA, TLS_ECDHE_RSA_WITH_AES_256_CBC_SHA, TLS_RSA_WITH_AES_128_GCM_SHA256, TLS_RSA_WITH_AES_128_CBC_SHA, TLS_RSA_WITH_AES_256_CBC_SHA, TLS_AES_128_GCM_SHA256, TLS_AES_256_GCM_SHA384]
2024-02-14 13:12:56,254 DEBUG [main] i.n.c.MultithreadEventLoopGroup [MultithreadEventLoopGroup.java:44] -Dio.netty.eventLoopThreads: 20
2024-02-14 13:12:56,259 DEBUG [main] i.n.c.n.NioEventLoop [NioEventLoop.java:110] -Dio.netty.noKeySetOptimization: false
2024-02-14 13:12:56,259 DEBUG [main] i.n.c.n.NioEventLoop [NioEventLoop.java:111] -Dio.netty.selectorAutoRebuildThreshold: 512
2024-02-14 13:12:56,269 DEBUG [main] i.n.b.PooledByteBufAllocator [PooledByteBufAllocator.java:157] -Dio.netty.allocator.numHeapArenas: 20
2024-02-14 13:12:56,269 DEBUG [main] i.n.b.PooledByteBufAllocator [PooledByteBufAllocator.java:158] -Dio.netty.allocator.numDirectArenas: 20
2024-02-14 13:12:56,269 DEBUG [main] i.n.b.PooledByteBufAllocator [PooledByteBufAllocator.java:160] -Dio.netty.allocator.pageSize: 8192
2024-02-14 13:12:56,269 DEBUG [main] i.n.b.PooledByteBufAllocator [PooledByteBufAllocator.java:165] -Dio.netty.allocator.maxOrder: 9
2024-02-14 13:12:56,269 DEBUG [main] i.n.b.PooledByteBufAllocator [PooledByteBufAllocator.java:169] -Dio.netty.allocator.chunkSize: 4194304
2024-02-14 13:12:56,270 DEBUG [main] i.n.b.PooledByteBufAllocator [PooledByteBufAllocator.java:170] -Dio.netty.allocator.smallCacheSize: 256
2024-02-14 13:12:56,270 DEBUG [main] i.n.b.PooledByteBufAllocator [PooledByteBufAllocator.java:171] -Dio.netty.allocator.normalCacheSize: 64
2024-02-14 13:12:56,270 DEBUG [main] i.n.b.PooledByteBufAllocator [PooledByteBufAllocator.java:172] -Dio.netty.allocator.maxCachedBufferCapacity: 32768
2024-02-14 13:12:56,270 DEBUG [main] i.n.b.PooledByteBufAllocator [PooledByteBufAllocator.java:173] -Dio.netty.allocator.cacheTrimInterval: 8192
2024-02-14 13:12:56,270 DEBUG [main] i.n.b.PooledByteBufAllocator [PooledByteBufAllocator.java:174] -Dio.netty.allocator.cacheTrimIntervalMillis: 0
2024-02-14 13:12:56,270 DEBUG [main] i.n.b.PooledByteBufAllocator [PooledByteBufAllocator.java:175] -Dio.netty.allocator.useCacheForAllThreads: false
2024-02-14 13:12:56,270 DEBUG [main] i.n.b.PooledByteBufAllocator [PooledByteBufAllocator.java:176] -Dio.netty.allocator.maxCachedByteBuffersPerChunk: 1023
2024-02-14 13:12:56,278 DEBUG [main] i.n.b.ByteBufUtil [ByteBufUtil.java:87] -Dio.netty.allocator.type: pooled
2024-02-14 13:12:56,278 DEBUG [main] i.n.b.ByteBufUtil [ByteBufUtil.java:96] -Dio.netty.threadLocalDirectBufferSize: 0
2024-02-14 13:12:56,278 DEBUG [main] i.n.b.ByteBufUtil [ByteBufUtil.java:99] -Dio.netty.maxThreadLocalCharBufferSize: 16384
2024-02-14 13:12:56,424 DEBUG [Forwarding newSession on session null to remote] i.n.c.DefaultChannelId [DefaultChannelId.java:79] -Dio.netty.processId: 14680 (auto-detected)
2024-02-14 13:12:56,424 DEBUG [Forwarding newSession on session null to remote] i.n.u.NetUtil [NetUtil.java:136] -Djava.net.preferIPv4Stack: false
2024-02-14 13:12:56,425 DEBUG [Forwarding newSession on session null to remote] i.n.u.NetUtil [NetUtil.java:137] -Djava.net.preferIPv6Addresses: false
2024-02-14 13:12:56,428 DEBUG [Forwarding newSession on session null to remote] i.n.u.NetUtilInitializations [NetUtilInitializations.java:129] Loopback interface: lo0 (lo0, 0:0:0:0:0:0:0:1%lo0)
2024-02-14 13:12:56,428 DEBUG [Forwarding newSession on session null to remote] i.n.u.NetUtil [NetUtil.java:191] Failed to get SOMAXCONN from sysctl and file /proc/sys/net/core/somaxconn. Default: 128
2024-02-14 13:12:56,429 DEBUG [Forwarding newSession on session null to remote] i.n.c.DefaultChannelId [DefaultChannelId.java:101] -Dio.netty.machineId: 6c:7e:67:ff:fe:d3:8e:04 (auto-detected)
2024-02-14 13:12:56,461 DEBUG [AsyncHttpClient-1-2] i.n.b.AbstractByteBuf [AbstractByteBuf.java:63] -Dio.netty.buffer.checkAccessible: true
2024-02-14 13:12:56,461 DEBUG [AsyncHttpClient-1-2] i.n.b.AbstractByteBuf [AbstractByteBuf.java:64] -Dio.netty.buffer.checkBounds: true
2024-02-14 13:12:56,461 DEBUG [AsyncHttpClient-1-2] i.n.u.ResourceLeakDetectorFactory [ResourceLeakDetectorFactory.java:196] Loaded default ResourceLeakDetector: io.netty.util.ResourceLeakDetector@709bf2b8
2024-02-14 13:12:56,467 DEBUG [AsyncHttpClient-1-2] o.a.n.c.NettyConnectListener [NettyConnectListener.java:73] Using new Channel '[id: 0x0407906f, L:/127.0.0.1:57794 - R:localhost/127.0.0.1:29034]' for 'POST' to '/session'
2024-02-14 13:12:56,474 DEBUG [AsyncHttpClient-1-2] i.n.u.Recycler [Recycler.java:85] -Dio.netty.recycler.maxCapacityPerThread: 4096
2024-02-14 13:12:56,474 DEBUG [AsyncHttpClient-1-2] i.n.u.Recycler [Recycler.java:86] -Dio.netty.recycler.ratio: 8
2024-02-14 13:12:56,474 DEBUG [AsyncHttpClient-1-2] i.n.u.Recycler [Recycler.java:87] -Dio.netty.recycler.chunkSize: 32
2024-02-14 13:12:56,474 DEBUG [AsyncHttpClient-1-2] i.n.u.Recycler [Recycler.java:88] -Dio.netty.recycler.blocking: false
2024-02-14 13:12:57,004 DEBUG [AsyncHttpClient-1-2] i.n.h.c.c.Brotli [Brotli.java:38] brotli4j not in the classpath; Brotli support will be unavailable.
2024-02-14 13:12:57,005 DEBUG [AsyncHttpClient-1-2] o.a.n.h.HttpHandler [HttpHandler.java:70] 

Request DefaultHttpRequest(decodeResult: success, version: HTTP/1.1)
POST /session HTTP/1.1
User-Agent: selenium/4.7.1 (java mac)
Content-Length: 825
Content-Type: application/json; charset=utf-8
host: localhost:29034
accept: */*

Response DefaultHttpResponse(decodeResult: success, version: HTTP/1.1)
HTTP/1.1 200 OK
Content-Type: application/json; charset=utf-8
cache-control: no-cache
content-length: 891

2024-02-14 13:12:57,010 DEBUG [AsyncHttpClient-1-2] o.a.n.c.ChannelManager [ChannelManager.java:270] Adding key: http://localhost:29034 for channel [id: 0x0407906f, L:/127.0.0.1:57794 - R:localhost/127.0.0.1:29034]
2024-02-14 13:12:57,041 DEBUG [AsyncHttpClient-1-3] o.a.n.c.NettyConnectListener [NettyConnectListener.java:73] Using new Channel '[id: 0xc02e2c64, L:/127.0.0.1:57800 - R:localhost/127.0.0.1:57795]' for 'GET' to '/json/version'
2024-02-14 13:12:57,043 DEBUG [AsyncHttpClient-1-3] o.a.n.h.HttpHandler [HttpHandler.java:70] 

Request DefaultFullHttpRequest(decodeResult: success, version: HTTP/1.1, content: EmptyByteBufBE)
GET /json/version HTTP/1.1
User-Agent: selenium/4.7.1 (java mac)
host: localhost:57795
accept: */*

Response DefaultHttpResponse(decodeResult: success, version: HTTP/1.1)
HTTP/1.1 200 OK
Content-Security-Policy: frame-ancestors 'none'
Content-Type: application/json; charset=UTF-8
content-length: 422

2024-02-14 13:12:57,043 DEBUG [AsyncHttpClient-1-3] o.a.n.c.ChannelManager [ChannelManager.java:270] Adding key: http://localhost:57795 for channel [id: 0xc02e2c64, L:/127.0.0.1:57800 - R:localhost/127.0.0.1:57795]
2024-02-14 13:12:57,047 DEBUG [main] i.n.u.i.ThreadLocalRandom [ThreadLocalRandom.java:214] -Dio.netty.initialSeedUniquifier: 0x4da4f3f4558c0126
2024-02-14 13:12:57,048 DEBUG [AsyncHttpClient-1-4] o.a.n.c.NettyConnectListener [NettyConnectListener.java:73] Using new Channel '[id: 0xa9393f10, L:/127.0.0.1:57801 - R:localhost/127.0.0.1:57795]' for 'GET' to '/devtools/browser/128d24ec-e848-4dba-ae6a-6e39292b2620'
2024-02-14 13:12:57,050 DEBUG [AsyncHttpClient-1-4] o.a.n.h.WebSocketHandler [WebSocketHandler.java:105] 

Request DefaultFullHttpRequest(decodeResult: success, version: HTTP/1.1, content: EmptyByteBufBE)
GET /devtools/browser/128d24ec-e848-4dba-ae6a-6e39292b2620 HTTP/1.1
upgrade: websocket
connection: upgrade
sec-websocket-key: kipLefLNHeXhYfnk2PcWyQ==
sec-websocket-version: 13
origin: http://localhost:57795
host: localhost:57795
accept: */*
user-agent: AHC/2.1

Response DefaultHttpResponse(decodeResult: success, version: HTTP/1.1)
HTTP/1.1 101 WebSocket Protocol Handshake
Upgrade: WebSocket
Connection: Upgrade
Sec-WebSocket-Accept: igQNnJqsTre8wRR3Wczm7C5kchM=

2024-02-14 13:12:57,069 INFO [main] S.H.Hooks [Hooks.java:30] Nombre de escenario: 03 - Cambiar el video a otro 2 video de la lista.
2024-02-14 13:12:57,069 INFO [main] S.H.Hooks [Hooks.java:31] Tag: web
2024-02-14 13:12:57,069 INFO [main] S.H.Hooks [Hooks.java:32] Configurando Scenario Context
2024-02-14 13:12:57,081 INFO [main] S.R.VideoJSDefinition [VideoJSDefinition.java:29] Ingreso a portal VideoJS
2024-02-14 13:12:57,083 DEBUG [Forwarding get on session 8a324ee0a0415116543755e1263f1f14 to remote] o.a.n.r.NettyRequestSender [NettyRequestSender.java:593] Using pooled Channel '[id: 0x0407906f, L:/127.0.0.1:57794 - R:localhost/127.0.0.1:29034]' for 'POST' to 'http://localhost:29034/session/8a324ee0a0415116543755e1263f1f14/url'
2024-02-14 13:12:57,083 DEBUG [Forwarding get on session 8a324ee0a0415116543755e1263f1f14 to remote] o.a.n.r.NettyRequestSender [NettyRequestSender.java:251] Using open Channel [id: 0x0407906f, L:/127.0.0.1:57794 - R:localhost/127.0.0.1:29034] for POST '/session/8a324ee0a0415116543755e1263f1f14/url'
2024-02-14 13:12:57,331 DEBUG [AsyncHttpClient-1-1] o.a.n.c.DefaultChannelPool [DefaultChannelPool.java:348] Entry count for : http://localhost:57795 : 1
2024-02-14 13:12:58,430 DEBUG [AsyncHttpClient-1-1] o.a.n.c.DefaultChannelPool [DefaultChannelPool.java:348] Entry count for : http://localhost:57795 : 1
2024-02-14 13:12:59,503 DEBUG [AsyncHttpClient-1-2] o.a.n.h.HttpHandler [HttpHandler.java:70] 

Request DefaultHttpRequest(decodeResult: success, version: HTTP/1.1)
POST /session/8a324ee0a0415116543755e1263f1f14/url HTTP/1.1
User-Agent: selenium/4.7.1 (java mac)
Content-Length: 85
Content-Type: application/json; charset=utf-8
host: localhost:29034
accept: */*

Response DefaultHttpResponse(decodeResult: success, version: HTTP/1.1)
HTTP/1.1 200 OK
Content-Type: application/json; charset=utf-8
cache-control: no-cache
content-length: 14

2024-02-14 13:12:59,504 DEBUG [AsyncHttpClient-1-2] o.a.n.c.ChannelManager [ChannelManager.java:270] Adding key: http://localhost:29034 for channel [id: 0x0407906f, L:/127.0.0.1:57794 - R:localhost/127.0.0.1:29034]
2024-02-14 13:12:59,534 DEBUG [AsyncHttpClient-1-1] o.a.n.c.DefaultChannelPool [DefaultChannelPool.java:348] Entry count for : http://localhost:29034 : 1
2024-02-14 13:12:59,534 DEBUG [AsyncHttpClient-1-1] o.a.n.c.DefaultChannelPool [DefaultChannelPool.java:348] Entry count for : http://localhost:57795 : 1
2024-02-14 13:12:59,617 DEBUG [Forwarding findElement on session 8a324ee0a0415116543755e1263f1f14 to remote] o.a.n.r.NettyRequestSender [NettyRequestSender.java:593] Using pooled Channel '[id: 0x0407906f, L:/127.0.0.1:57794 - R:localhost/127.0.0.1:29034]' for 'POST' to 'http://localhost:29034/session/8a324ee0a0415116543755e1263f1f14/element'
2024-02-14 13:12:59,617 DEBUG [Forwarding findElement on session 8a324ee0a0415116543755e1263f1f14 to remote] o.a.n.r.NettyRequestSender [NettyRequestSender.java:251] Using open Channel [id: 0x0407906f, L:/127.0.0.1:57794 - R:localhost/127.0.0.1:29034] for POST '/session/8a324ee0a0415116543755e1263f1f14/element'
2024-02-14 13:12:59,618 DEBUG [AsyncHttpClient-1-2] o.a.n.h.HttpHandler [HttpHandler.java:70] 

Request DefaultHttpRequest(decodeResult: success, version: HTTP/1.1)
POST /session/8a324ee0a0415116543755e1263f1f14/element HTTP/1.1
User-Agent: selenium/4.7.1 (java mac)
Content-Length: 125
Content-Type: application/json; charset=utf-8
host: localhost:29034
accept: */*

Response DefaultHttpResponse(decodeResult: success, version: HTTP/1.1)
HTTP/1.1 404 Not Found
Content-Type: application/json; charset=utf-8
cache-control: no-cache
content-length: 1670

2024-02-14 13:12:59,619 DEBUG [AsyncHttpClient-1-2] o.a.n.c.ChannelManager [ChannelManager.java:270] Adding key: http://localhost:29034 for channel [id: 0x0407906f, L:/127.0.0.1:57794 - R:localhost/127.0.0.1:29034]
2024-02-14 13:12:59,632 INFO [main] S.H.Hooks [Hooks.java:41] Cerrando Driver
