2024-02-14 18:10:00,345 INFO [main] U.Utilidades [Utilidades.java:68] Comprobando el entorno de ejecucion
2024-02-14 18:10:00,346 INFO [main] U.Utilidades [Utilidades.java:69] Environment: DEVELOPMENT
2024-02-14 18:10:00,347 INFO [main] U.Utilidades [Utilidades.java:86] Variables de entorno establecidas
2024-02-14 18:10:00,499 INFO [main] i.g.b.w.WebDriverManager [WebDriverManager.java:1217] Using chromedriver 121.0.6167.85 (resolved driver for Chrome 121)
2024-02-14 18:10:00,507 INFO [main] i.g.b.w.WebDriverManager [WebDriverManager.java:1270] Exporting webdriver.chrome.driver as /Users/equipoqa/.cache/selenium/chromedriver/mac-arm64/121.0.6167.85/chromedriver
2024-02-14 18:10:01,414 INFO [main] S.H.Hooks [Hooks.java:30] Nombre de escenario: 10 - Modificar los subtitulos del video "Advanced Bip Bop"
2024-02-14 18:10:01,414 INFO [main] S.H.Hooks [Hooks.java:31] Tag: web
2024-02-14 18:10:01,414 INFO [main] S.H.Hooks [Hooks.java:32] Configurando Scenario Context
2024-02-14 18:10:01,428 INFO [main] S.R.VideoJSDefinition [VideoJSDefinition.java:29] Ingreso a portal VideoJS
2024-02-14 18:10:04,223 INFO [main] S.R.VideoJSDefinition [VideoJSDefinition.java:156] 
2024-02-14 18:10:05,297 INFO [main] S.R.VideoJSDefinition [VideoJSDefinition.java:54] Selecciono play al video desplegado
2024-02-14 18:10:06,759 INFO [main] S.R.VideoJSDefinition [VideoJSDefinition.java:79] Validar modal de guardado con exito
2024-02-14 18:10:07,899 INFO [main] S.R.VideoJSDefinition [VideoJSDefinition.java:543] 
2024-02-14 18:10:08,939 INFO [main] S.R.VideoJSDefinition [VideoJSDefinition.java:518] 
2024-02-14 18:10:09,971 INFO [main] S.R.VideoJSDefinition [VideoJSDefinition.java:442] 
2024-02-14 18:10:10,848 INFO [main] S.R.VideoJSDefinition [VideoJSDefinition.java:467] 
2024-02-14 18:10:11,739 INFO [main] S.R.VideoJSDefinition [VideoJSDefinition.java:568] 
2024-02-14 18:10:12,753 INFO [main] S.R.VideoJSDefinition [VideoJSDefinition.java:415] 
2024-02-14 18:10:18,920 INFO [main] S.R.VideoJSDefinition [VideoJSDefinition.java:104] Validar modal de guardado con exito
2024-02-14 18:10:39,880 INFO [main] S.H.Hooks [Hooks.java:41] Cerrando Driver
