2024-02-14 17:44:47,677 INFO [main] U.Utilidades [Utilidades.java:68] Comprobando el entorno de ejecucion
2024-02-14 17:44:47,678 INFO [main] U.Utilidades [Utilidades.java:69] Environment: DEVELOPMENT
2024-02-14 17:44:47,679 INFO [main] U.Utilidades [Utilidades.java:86] Variables de entorno establecidas
2024-02-14 17:44:47,830 INFO [main] i.g.b.w.WebDriverManager [WebDriverManager.java:1217] Using chromedriver 121.0.6167.85 (resolved driver for Chrome 121)
2024-02-14 17:44:47,838 INFO [main] i.g.b.w.WebDriverManager [WebDriverManager.java:1270] Exporting webdriver.chrome.driver as /Users/equipoqa/.cache/selenium/chromedriver/mac-arm64/121.0.6167.85/chromedriver
2024-02-14 17:44:48,717 INFO [main] S.H.Hooks [Hooks.java:30] Nombre de escenario: 10 - Modificar los subtitulos del video "Advanced Bip Bop"
2024-02-14 17:44:48,717 INFO [main] S.H.Hooks [Hooks.java:31] Tag: web
2024-02-14 17:44:48,717 INFO [main] S.H.Hooks [Hooks.java:32] Configurando Scenario Context
2024-02-14 17:44:48,730 INFO [main] S.R.VideoJSDefinition [VideoJSDefinition.java:29] Ingreso a portal VideoJS
2024-02-14 17:44:52,227 INFO [main] S.R.VideoJSDefinition [VideoJSDefinition.java:156] 
2024-02-14 17:44:53,275 INFO [main] S.R.VideoJSDefinition [VideoJSDefinition.java:54] Selecciono play al video desplegado
2024-02-14 17:44:54,730 INFO [main] S.R.VideoJSDefinition [VideoJSDefinition.java:79] Validar modal de guardado con exito
2024-02-14 17:44:55,881 INFO [main] S.R.VideoJSDefinition [VideoJSDefinition.java:543] 
2024-02-14 17:44:56,926 INFO [main] S.R.VideoJSDefinition [VideoJSDefinition.java:518] 
2024-02-14 17:44:57,958 INFO [main] S.R.VideoJSDefinition [VideoJSDefinition.java:442] 
2024-02-14 17:44:58,853 INFO [main] S.R.VideoJSDefinition [VideoJSDefinition.java:467] 
2024-02-14 17:44:59,715 INFO [main] S.R.VideoJSDefinition [VideoJSDefinition.java:568] 
2024-02-14 17:45:00,732 INFO [main] S.R.VideoJSDefinition [VideoJSDefinition.java:415] 
2024-02-14 17:45:06,907 INFO [main] S.R.VideoJSDefinition [VideoJSDefinition.java:104] Validar modal de guardado con exito
2024-02-14 17:45:21,482 INFO [main] S.H.Hooks [Hooks.java:41] Cerrando Driver
