2024-02-14 21:38:41,839 INFO [main] U.Utilidades [Utilidades.java:68] Comprobando el entorno de ejecucion
2024-02-14 21:38:41,840 INFO [main] U.Utilidades [Utilidades.java:69] Environment: DEVELOPMENT
2024-02-14 21:38:41,841 INFO [main] U.Utilidades [Utilidades.java:86] Variables de entorno establecidas
2024-02-14 21:38:41,997 INFO [main] i.g.b.w.WebDriverManager [WebDriverManager.java:1217] Using chromedriver 121.0.6167.85 (resolved driver for Chrome 121)
2024-02-14 21:38:42,006 INFO [main] i.g.b.w.WebDriverManager [WebDriverManager.java:1270] Exporting webdriver.chrome.driver as /Users/equipoqa/.cache/selenium/chromedriver/mac-arm64/121.0.6167.85/chromedriver
2024-02-14 21:38:42,894 INFO [main] S.H.Hooks [Hooks.java:30] Nombre de escenario: 10 - Modificar los subtitulos del video "Advanced Bip Bop"
2024-02-14 21:38:42,894 INFO [main] S.H.Hooks [Hooks.java:31] Tag: web
2024-02-14 21:38:42,894 INFO [main] S.H.Hooks [Hooks.java:32] Configurando Scenario Context
2024-02-14 21:38:42,906 INFO [main] S.R.VideoJSDefinition [VideoJSDefinition.java:29] Ingreso a portal VideoJS
2024-02-14 21:38:45,473 INFO [main] S.R.VideoJSDefinition [VideoJSDefinition.java:158] 
2024-02-14 21:38:46,552 INFO [main] S.R.VideoJSDefinition [VideoJSDefinition.java:54] Selecciono play al video desplegado
2024-02-14 21:38:47,949 INFO [main] S.R.VideoJSDefinition [VideoJSDefinition.java:79] Validar modal de guardado con exito
2024-02-14 21:38:49,347 INFO [main] S.R.VideoJSDefinition [VideoJSDefinition.java:545] 
2024-02-14 21:38:50,404 INFO [main] S.R.VideoJSDefinition [VideoJSDefinition.java:520] 
2024-02-14 21:38:51,441 INFO [main] S.R.VideoJSDefinition [VideoJSDefinition.java:444] 
2024-02-14 21:38:52,318 INFO [main] S.R.VideoJSDefinition [VideoJSDefinition.java:469] 
2024-02-14 21:38:53,216 INFO [main] S.R.VideoJSDefinition [VideoJSDefinition.java:570] 
2024-02-14 21:38:54,212 INFO [main] S.R.VideoJSDefinition [VideoJSDefinition.java:417] 
2024-02-14 21:39:00,380 INFO [main] S.R.VideoJSDefinition [VideoJSDefinition.java:105] Validar modal de guardado con exito
2024-02-14 21:39:22,207 INFO [main] S.H.Hooks [Hooks.java:41] Cerrando Driver
