2024-02-14 18:13:00,201 INFO [main] U.Utilidades [Utilidades.java:68] Comprobando el entorno de ejecucion
2024-02-14 18:13:00,202 INFO [main] U.Utilidades [Utilidades.java:69] Environment: DEVELOPMENT
2024-02-14 18:13:00,203 INFO [main] U.Utilidades [Utilidades.java:86] Variables de entorno establecidas
2024-02-14 18:13:00,359 INFO [main] i.g.b.w.WebDriverManager [WebDriverManager.java:1217] Using chromedriver 121.0.6167.85 (resolved driver for Chrome 121)
2024-02-14 18:13:00,368 INFO [main] i.g.b.w.WebDriverManager [WebDriverManager.java:1270] Exporting webdriver.chrome.driver as /Users/equipoqa/.cache/selenium/chromedriver/mac-arm64/121.0.6167.85/chromedriver
2024-02-14 18:13:01,262 INFO [main] S.H.Hooks [Hooks.java:30] Nombre de escenario: 10 - Modificar los subtitulos del video "Advanced Bip Bop"
2024-02-14 18:13:01,262 INFO [main] S.H.Hooks [Hooks.java:31] Tag: web
2024-02-14 18:13:01,262 INFO [main] S.H.Hooks [Hooks.java:32] Configurando Scenario Context
2024-02-14 18:13:01,275 INFO [main] S.R.VideoJSDefinition [VideoJSDefinition.java:29] Ingreso a portal VideoJS
2024-02-14 18:13:03,946 INFO [main] S.R.VideoJSDefinition [VideoJSDefinition.java:156] 
2024-02-14 18:13:05,014 INFO [main] S.R.VideoJSDefinition [VideoJSDefinition.java:54] Selecciono play al video desplegado
2024-02-14 18:13:06,429 INFO [main] S.R.VideoJSDefinition [VideoJSDefinition.java:79] Validar modal de guardado con exito
2024-02-14 18:13:07,574 INFO [main] S.R.VideoJSDefinition [VideoJSDefinition.java:543] 
2024-02-14 18:13:08,610 INFO [main] S.R.VideoJSDefinition [VideoJSDefinition.java:518] 
2024-02-14 18:13:09,647 INFO [main] S.R.VideoJSDefinition [VideoJSDefinition.java:442] 
2024-02-14 18:13:10,525 INFO [main] S.R.VideoJSDefinition [VideoJSDefinition.java:467] 
2024-02-14 18:13:11,412 INFO [main] S.R.VideoJSDefinition [VideoJSDefinition.java:568] 
2024-02-14 18:13:12,417 INFO [main] S.R.VideoJSDefinition [VideoJSDefinition.java:415] 
2024-02-14 18:13:18,583 INFO [main] S.R.VideoJSDefinition [VideoJSDefinition.java:104] Validar modal de guardado con exito
2024-02-14 18:13:28,762 INFO [main] S.H.Hooks [Hooks.java:41] Cerrando Driver
