2024-02-14 18:20:07,108 INFO [main] U.Utilidades [Utilidades.java:68] Comprobando el entorno de ejecucion
2024-02-14 18:20:07,109 INFO [main] U.Utilidades [Utilidades.java:69] Environment: DEVELOPMENT
2024-02-14 18:20:07,110 INFO [main] U.Utilidades [Utilidades.java:86] Variables de entorno establecidas
2024-02-14 18:20:07,260 INFO [main] i.g.b.w.WebDriverManager [WebDriverManager.java:1217] Using chromedriver 121.0.6167.85 (resolved driver for Chrome 121)
2024-02-14 18:20:07,268 INFO [main] i.g.b.w.WebDriverManager [WebDriverManager.java:1270] Exporting webdriver.chrome.driver as /Users/equipoqa/.cache/selenium/chromedriver/mac-arm64/121.0.6167.85/chromedriver
2024-02-14 18:20:08,085 INFO [main] S.H.Hooks [Hooks.java:30] Nombre de escenario: 10 - Modificar los subtitulos del video "Advanced Bip Bop"
2024-02-14 18:20:08,085 INFO [main] S.H.Hooks [Hooks.java:31] Tag: web
2024-02-14 18:20:08,085 INFO [main] S.H.Hooks [Hooks.java:32] Configurando Scenario Context
2024-02-14 18:20:08,098 INFO [main] S.R.VideoJSDefinition [VideoJSDefinition.java:29] Ingreso a portal VideoJS
2024-02-14 18:20:10,783 INFO [main] S.R.VideoJSDefinition [VideoJSDefinition.java:157] 
2024-02-14 18:20:11,851 INFO [main] S.R.VideoJSDefinition [VideoJSDefinition.java:54] Selecciono play al video desplegado
2024-02-14 18:20:13,566 INFO [main] S.R.VideoJSDefinition [VideoJSDefinition.java:80] Validar modal de guardado con exito
2024-02-14 18:20:14,720 INFO [main] S.R.VideoJSDefinition [VideoJSDefinition.java:544] 
2024-02-14 18:20:15,764 INFO [main] S.R.VideoJSDefinition [VideoJSDefinition.java:519] 
2024-02-14 18:20:16,794 INFO [main] S.R.VideoJSDefinition [VideoJSDefinition.java:443] 
2024-02-14 18:20:17,674 INFO [main] S.R.VideoJSDefinition [VideoJSDefinition.java:468] 
2024-02-14 18:20:18,566 INFO [main] S.R.VideoJSDefinition [VideoJSDefinition.java:569] 
2024-02-14 18:20:19,560 INFO [main] S.R.VideoJSDefinition [VideoJSDefinition.java:416] 
2024-02-14 18:20:25,733 INFO [main] S.R.VideoJSDefinition [VideoJSDefinition.java:105] Validar modal de guardado con exito
2024-02-14 18:20:35,971 INFO [main] S.H.Hooks [Hooks.java:41] Cerrando Driver
