2024-02-15 11:52:48,980 INFO [main] U.Utilidades [Utilidades.java:68] Comprobando el entorno de ejecucion
2024-02-15 11:52:48,983 INFO [main] U.Utilidades [Utilidades.java:69] Environment: DEVELOPMENT
2024-02-15 11:52:48,985 INFO [main] U.Utilidades [Utilidades.java:86] Variables de entorno establecidas
2024-02-15 11:52:49,817 INFO [main] i.g.b.w.WebDriverManager [WebDriverManager.java:1217] Using msedgedriver 121.0.2277.112 (resolved driver for Edge 121)
2024-02-15 11:52:49,835 INFO [main] i.g.b.w.WebDriverManager [WebDriverManager.java:1568] Reading https://msedgedriver.azureedge.net/?restype=container&comp=list to seek msedgedriver
2024-02-15 11:52:50,696 INFO [main] i.g.b.w.o.Downloader [Downloader.java:132] Downloading https://msedgedriver.azureedge.net/121.0.2277.112/edgedriver_win64.zip
2024-02-15 11:52:50,951 INFO [main] i.g.b.w.o.Downloader [Downloader.java:193] Extracting driver from compressed file edgedriver_win64.zip
2024-02-15 11:52:51,070 INFO [main] i.g.b.w.WebDriverManager [WebDriverManager.java:1270] Exporting webdriver.edge.driver as C:\Users\mt_ja\.cache\selenium\msedgedriver\win64\121.0.2277.112\msedgedriver.exe
2024-02-15 11:52:52,517 INFO [main] S.H.Hooks [Hooks.java:26] Nombre de escenario: 01 - Reproducir contenido
2024-02-15 11:52:52,517 INFO [main] S.H.Hooks [Hooks.java:27] Tag: web
2024-02-15 11:52:52,517 INFO [main] S.H.Hooks [Hooks.java:28] Configurando Scenario Context
2024-02-15 11:52:52,547 INFO [main] S.V.VideoJSDefinition [VideoJSDefinition.java:29] Ingreso a portal VideoJS
2024-02-15 11:52:55,320 INFO [main] S.V.VideoJSDefinition [VideoJSDefinition.java:54] Selecciono play al video desplegado
2024-02-15 11:52:56,909 INFO [main] S.V.VideoJSDefinition [VideoJSDefinition.java:79] Validar modal de guardado con exito
2024-02-15 11:52:58,356 INFO [main] S.H.Hooks [Hooks.java:37] Cerrando Driver
2024-02-15 11:53:01,598 INFO [main] U.Utilidades [Utilidades.java:68] Comprobando el entorno de ejecucion
2024-02-15 11:53:01,599 INFO [main] U.Utilidades [Utilidades.java:69] Environment: DEVELOPMENT
2024-02-15 11:53:01,601 INFO [main] U.Utilidades [Utilidades.java:86] Variables de entorno establecidas
2024-02-15 11:53:01,838 INFO [main] i.g.b.w.WebDriverManager [WebDriverManager.java:1217] Using msedgedriver 121.0.2277.112 (resolved driver for Edge 121)
2024-02-15 11:53:01,846 INFO [main] i.g.b.w.WebDriverManager [WebDriverManager.java:1270] Exporting webdriver.edge.driver as C:\Users\mt_ja\.cache\selenium\msedgedriver\win64\121.0.2277.112\msedgedriver.exe
2024-02-15 11:53:02,592 INFO [main] S.H.Hooks [Hooks.java:26] Nombre de escenario: 02 - Verificar que el video esté reproduciendo.
2024-02-15 11:53:02,593 INFO [main] S.H.Hooks [Hooks.java:27] Tag: web
2024-02-15 11:53:02,593 INFO [main] S.H.Hooks [Hooks.java:28] Configurando Scenario Context
2024-02-15 11:53:02,595 INFO [main] S.V.VideoJSDefinition [VideoJSDefinition.java:29] Ingreso a portal VideoJS
2024-02-15 11:53:04,126 INFO [main] S.H.Hooks [Hooks.java:37] Cerrando Driver
