2024-02-15 12:01:57,147 INFO [main] U.Utilidades [Utilidades.java:68] Comprobando el entorno de ejecucion
2024-02-15 12:01:57,150 INFO [main] U.Utilidades [Utilidades.java:69] Environment: DEVELOPMENT
2024-02-15 12:01:57,151 INFO [main] U.Utilidades [Utilidades.java:86] Variables de entorno establecidas
2024-02-15 12:01:57,432 INFO [main] i.g.b.w.WebDriverManager [WebDriverManager.java:1217] Using msedgedriver 121.0.2277.112 (resolved driver for Edge 121)
2024-02-15 12:01:57,449 INFO [main] i.g.b.w.WebDriverManager [WebDriverManager.java:1270] Exporting webdriver.edge.driver as C:\Users\mt_ja\.cache\selenium\msedgedriver\win64\121.0.2277.112\msedgedriver.exe
2024-02-15 12:02:00,430 INFO [main] S.H.Hooks [Hooks.java:26] Nombre de escenario: 01 - Reproducir contenido
2024-02-15 12:02:00,430 INFO [main] S.H.Hooks [Hooks.java:27] Tag: web
2024-02-15 12:02:00,430 INFO [main] S.H.Hooks [Hooks.java:28] Configurando Scenario Context
2024-02-15 12:02:00,459 INFO [main] S.V.VideoJSDefinition [VideoJSDefinition.java:29] Ingreso a portal VideoJS
2024-02-15 12:02:03,158 INFO [main] S.V.VideoJSDefinition [VideoJSDefinition.java:54] Selecciono play al video desplegado
2024-02-15 12:02:04,748 INFO [main] S.V.VideoJSDefinition [VideoJSDefinition.java:79] Validar modal de guardado con exito
2024-02-15 12:02:06,275 INFO [main] S.H.Hooks [Hooks.java:37] Cerrando Driver
2024-02-15 12:02:09,537 INFO [main] U.Utilidades [Utilidades.java:68] Comprobando el entorno de ejecucion
2024-02-15 12:02:09,537 INFO [main] U.Utilidades [Utilidades.java:69] Environment: DEVELOPMENT
2024-02-15 12:02:09,538 INFO [main] U.Utilidades [Utilidades.java:86] Variables de entorno establecidas
2024-02-15 12:02:09,554 INFO [main] i.g.b.w.WebDriverManager [WebDriverManager.java:1217] Using msedgedriver 121.0.2277.112 (resolved driver for Edge 121)
2024-02-15 12:02:09,561 INFO [main] i.g.b.w.WebDriverManager [WebDriverManager.java:1270] Exporting webdriver.edge.driver as C:\Users\mt_ja\.cache\selenium\msedgedriver\win64\121.0.2277.112\msedgedriver.exe
2024-02-15 12:02:11,911 INFO [main] S.H.Hooks [Hooks.java:26] Nombre de escenario: 02 - Verificar que el video esté reproduciendo.
2024-02-15 12:02:11,912 INFO [main] S.H.Hooks [Hooks.java:27] Tag: web
2024-02-15 12:02:11,912 INFO [main] S.H.Hooks [Hooks.java:28] Configurando Scenario Context
2024-02-15 12:02:11,913 INFO [main] S.V.VideoJSDefinition [VideoJSDefinition.java:29] Ingreso a portal VideoJS
2024-02-15 12:02:14,373 INFO [main] S.V.VideoJSDefinition [VideoJSDefinition.java:54] Selecciono play al video desplegado
2024-02-15 12:02:15,887 INFO [main] S.V.VideoJSDefinition [VideoJSDefinition.java:79] Validar modal de guardado con exito
2024-02-15 12:02:17,320 INFO [main] S.V.VideoJSDefinition [VideoJSDefinition.java:105] Validar modal de guardado con exito
2024-02-15 12:02:39,745 INFO [main] S.H.Hooks [Hooks.java:37] Cerrando Driver
2024-02-15 12:02:43,889 INFO [main] U.Utilidades [Utilidades.java:68] Comprobando el entorno de ejecucion
2024-02-15 12:02:43,890 INFO [main] U.Utilidades [Utilidades.java:69] Environment: DEVELOPMENT
2024-02-15 12:02:43,890 INFO [main] U.Utilidades [Utilidades.java:86] Variables de entorno establecidas
2024-02-15 12:02:43,902 INFO [main] i.g.b.w.WebDriverManager [WebDriverManager.java:1217] Using msedgedriver 121.0.2277.112 (resolved driver for Edge 121)
2024-02-15 12:02:43,908 INFO [main] i.g.b.w.WebDriverManager [WebDriverManager.java:1270] Exporting webdriver.edge.driver as C:\Users\mt_ja\.cache\selenium\msedgedriver\win64\121.0.2277.112\msedgedriver.exe
2024-02-15 12:02:46,325 INFO [main] S.H.Hooks [Hooks.java:26] Nombre de escenario: 03 - Cambiar el video a otro 2 video de la lista.
2024-02-15 12:02:46,325 INFO [main] S.H.Hooks [Hooks.java:27] Tag: web
2024-02-15 12:02:46,326 INFO [main] S.H.Hooks [Hooks.java:28] Configurando Scenario Context
2024-02-15 12:02:46,327 INFO [main] S.V.VideoJSDefinition [VideoJSDefinition.java:29] Ingreso a portal VideoJS
2024-02-15 12:02:48,836 INFO [main] S.V.VideoJSDefinition [VideoJSDefinition.java:54] Selecciono play al video desplegado
2024-02-15 12:02:50,307 INFO [main] S.V.VideoJSDefinition [VideoJSDefinition.java:79] Validar modal de guardado con exito
2024-02-15 12:02:51,645 INFO [main] S.V.VideoJSDefinition [VideoJSDefinition.java:105] Validar modal de guardado con exito
2024-02-15 12:03:14,083 INFO [main] S.V.VideoJSDefinition [VideoJSDefinition.java:132] Validar modal de guardado con exito
2024-02-15 12:03:15,207 INFO [main] S.V.VideoJSDefinition [VideoJSDefinition.java:79] Validar modal de guardado con exito
2024-02-15 12:03:16,563 INFO [main] S.V.VideoJSDefinition [VideoJSDefinition.java:105] Validar modal de guardado con exito
2024-02-15 12:03:39,040 INFO [main] S.H.Hooks [Hooks.java:37] Cerrando Driver
2024-02-15 12:03:43,179 INFO [main] U.Utilidades [Utilidades.java:68] Comprobando el entorno de ejecucion
2024-02-15 12:03:43,179 INFO [main] U.Utilidades [Utilidades.java:69] Environment: DEVELOPMENT
2024-02-15 12:03:43,179 INFO [main] U.Utilidades [Utilidades.java:86] Variables de entorno establecidas
2024-02-15 12:03:43,188 INFO [main] i.g.b.w.WebDriverManager [WebDriverManager.java:1217] Using msedgedriver 121.0.2277.112 (resolved driver for Edge 121)
2024-02-15 12:03:43,194 INFO [main] i.g.b.w.WebDriverManager [WebDriverManager.java:1270] Exporting webdriver.edge.driver as C:\Users\mt_ja\.cache\selenium\msedgedriver\win64\121.0.2277.112\msedgedriver.exe
2024-02-15 12:03:45,524 INFO [main] S.H.Hooks [Hooks.java:26] Nombre de escenario: 04 - Cambiar a todos los videos de la lista de recomendación
2024-02-15 12:03:45,525 INFO [main] S.H.Hooks [Hooks.java:27] Tag: web
2024-02-15 12:03:45,526 INFO [main] S.H.Hooks [Hooks.java:28] Configurando Scenario Context
2024-02-15 12:03:45,528 INFO [main] S.V.VideoJSDefinition [VideoJSDefinition.java:29] Ingreso a portal VideoJS
2024-02-15 12:03:47,995 INFO [main] S.V.VideoJSDefinition [VideoJSDefinition.java:54] Selecciono play al video desplegado
2024-02-15 12:03:49,415 INFO [main] S.V.VideoJSDefinition [VideoJSDefinition.java:389] 
2024-02-15 12:04:22,456 INFO [main] S.H.Hooks [Hooks.java:37] Cerrando Driver
2024-02-15 12:04:25,714 INFO [main] U.Utilidades [Utilidades.java:68] Comprobando el entorno de ejecucion
2024-02-15 12:04:25,714 INFO [main] U.Utilidades [Utilidades.java:69] Environment: DEVELOPMENT
2024-02-15 12:04:25,714 INFO [main] U.Utilidades [Utilidades.java:86] Variables de entorno establecidas
2024-02-15 12:04:25,723 INFO [main] i.g.b.w.WebDriverManager [WebDriverManager.java:1217] Using msedgedriver 121.0.2277.112 (resolved driver for Edge 121)
2024-02-15 12:04:25,728 INFO [main] i.g.b.w.WebDriverManager [WebDriverManager.java:1270] Exporting webdriver.edge.driver as C:\Users\mt_ja\.cache\selenium\msedgedriver\win64\121.0.2277.112\msedgedriver.exe
2024-02-15 12:04:28,073 INFO [main] S.H.Hooks [Hooks.java:26] Nombre de escenario: 05 - Adelantar el video "Big Buck Bunny" al minuto "8:21" y pausarlo
2024-02-15 12:04:28,073 INFO [main] S.H.Hooks [Hooks.java:27] Tag: web
2024-02-15 12:04:28,074 INFO [main] S.H.Hooks [Hooks.java:28] Configurando Scenario Context
2024-02-15 12:04:28,077 INFO [main] S.V.VideoJSDefinition [VideoJSDefinition.java:29] Ingreso a portal VideoJS
2024-02-15 12:04:30,476 INFO [main] S.V.VideoJSDefinition [VideoJSDefinition.java:158] 
2024-02-15 12:04:31,506 INFO [main] S.V.VideoJSDefinition [VideoJSDefinition.java:54] Selecciono play al video desplegado
2024-02-15 12:04:32,978 INFO [main] S.V.VideoJSDefinition [VideoJSDefinition.java:184] 
2024-02-15 12:04:34,136 INFO [main] S.V.VideoJSDefinition [VideoJSDefinition.java:208] 
2024-02-15 12:04:35,468 INFO [main] S.H.Hooks [Hooks.java:37] Cerrando Driver
2024-02-15 12:04:39,587 INFO [main] U.Utilidades [Utilidades.java:68] Comprobando el entorno de ejecucion
2024-02-15 12:04:39,587 INFO [main] U.Utilidades [Utilidades.java:69] Environment: DEVELOPMENT
2024-02-15 12:04:39,587 INFO [main] U.Utilidades [Utilidades.java:86] Variables de entorno establecidas
2024-02-15 12:04:39,597 INFO [main] i.g.b.w.WebDriverManager [WebDriverManager.java:1217] Using msedgedriver 121.0.2277.112 (resolved driver for Edge 121)
2024-02-15 12:04:39,604 INFO [main] i.g.b.w.WebDriverManager [WebDriverManager.java:1270] Exporting webdriver.edge.driver as C:\Users\mt_ja\.cache\selenium\msedgedriver\win64\121.0.2277.112\msedgedriver.exe
2024-02-15 12:04:41,939 INFO [main] S.H.Hooks [Hooks.java:26] Nombre de escenario: 06 - Silenciar el video "Disney's Oceans"
2024-02-15 12:04:41,940 INFO [main] S.H.Hooks [Hooks.java:27] Tag: web
2024-02-15 12:04:41,940 INFO [main] S.H.Hooks [Hooks.java:28] Configurando Scenario Context
2024-02-15 12:04:41,941 INFO [main] S.V.VideoJSDefinition [VideoJSDefinition.java:29] Ingreso a portal VideoJS
2024-02-15 12:04:44,201 INFO [main] S.V.VideoJSDefinition [VideoJSDefinition.java:54] Selecciono play al video desplegado
2024-02-15 12:04:45,668 INFO [main] S.V.VideoJSDefinition [VideoJSDefinition.java:79] Validar modal de guardado con exito
2024-02-15 12:04:47,076 INFO [main] S.V.VideoJSDefinition [VideoJSDefinition.java:234] 
2024-02-15 12:04:48,266 INFO [main] S.H.Hooks [Hooks.java:37] Cerrando Driver
2024-02-15 12:04:51,604 INFO [main] U.Utilidades [Utilidades.java:68] Comprobando el entorno de ejecucion
2024-02-15 12:04:51,604 INFO [main] U.Utilidades [Utilidades.java:69] Environment: DEVELOPMENT
2024-02-15 12:04:51,605 INFO [main] U.Utilidades [Utilidades.java:86] Variables de entorno establecidas
2024-02-15 12:04:51,616 INFO [main] i.g.b.w.WebDriverManager [WebDriverManager.java:1217] Using msedgedriver 121.0.2277.112 (resolved driver for Edge 121)
2024-02-15 12:04:51,622 INFO [main] i.g.b.w.WebDriverManager [WebDriverManager.java:1270] Exporting webdriver.edge.driver as C:\Users\mt_ja\.cache\selenium\msedgedriver\win64\121.0.2277.112\msedgedriver.exe
2024-02-15 12:04:54,074 INFO [main] S.H.Hooks [Hooks.java:26] Nombre de escenario: 07 - Silenciar el video "Tears of Steel" y luego subir el volumen al "75%"
2024-02-15 12:04:54,074 INFO [main] S.H.Hooks [Hooks.java:27] Tag: web
2024-02-15 12:04:54,074 INFO [main] S.H.Hooks [Hooks.java:28] Configurando Scenario Context
2024-02-15 12:04:54,075 INFO [main] S.V.VideoJSDefinition [VideoJSDefinition.java:29] Ingreso a portal VideoJS
2024-02-15 12:04:56,301 INFO [main] S.V.VideoJSDefinition [VideoJSDefinition.java:158] 
2024-02-15 12:04:57,331 INFO [main] S.V.VideoJSDefinition [VideoJSDefinition.java:54] Selecciono play al video desplegado
2024-02-15 12:04:58,768 INFO [main] S.V.VideoJSDefinition [VideoJSDefinition.java:79] Validar modal de guardado con exito
2024-02-15 12:05:00,298 INFO [main] S.V.VideoJSDefinition [VideoJSDefinition.java:234] 
2024-02-15 12:05:01,404 INFO [main] S.V.VideoJSDefinition [VideoJSDefinition.java:260] 
2024-02-15 12:05:03,101 INFO [main] S.H.Hooks [Hooks.java:37] Cerrando Driver
2024-02-15 12:05:06,414 INFO [main] U.Utilidades [Utilidades.java:68] Comprobando el entorno de ejecucion
2024-02-15 12:05:06,415 INFO [main] U.Utilidades [Utilidades.java:69] Environment: DEVELOPMENT
2024-02-15 12:05:06,415 INFO [main] U.Utilidades [Utilidades.java:86] Variables de entorno establecidas
2024-02-15 12:05:06,426 INFO [main] i.g.b.w.WebDriverManager [WebDriverManager.java:1217] Using msedgedriver 121.0.2277.112 (resolved driver for Edge 121)
2024-02-15 12:05:06,431 INFO [main] i.g.b.w.WebDriverManager [WebDriverManager.java:1270] Exporting webdriver.edge.driver as C:\Users\mt_ja\.cache\selenium\msedgedriver\win64\121.0.2277.112\msedgedriver.exe
2024-02-15 12:05:08,837 INFO [main] S.H.Hooks [Hooks.java:26] Nombre de escenario: 08 - Agrandar el video a pantalla Picture in Picture, luego cerrar la pantalla y terminar de reproducir el video en pantalla completa
2024-02-15 12:05:08,837 INFO [main] S.H.Hooks [Hooks.java:27] Tag: web
2024-02-15 12:05:08,837 INFO [main] S.H.Hooks [Hooks.java:28] Configurando Scenario Context
2024-02-15 12:05:08,838 INFO [main] S.V.VideoJSDefinition [VideoJSDefinition.java:29] Ingreso a portal VideoJS
2024-02-15 12:05:11,320 INFO [main] S.V.VideoJSDefinition [VideoJSDefinition.java:54] Selecciono play al video desplegado
2024-02-15 12:05:12,856 INFO [main] S.V.VideoJSDefinition [VideoJSDefinition.java:79] Validar modal de guardado con exito
2024-02-15 12:05:14,323 INFO [main] S.V.VideoJSDefinition [VideoJSDefinition.java:285] 
2024-02-15 12:05:20,589 INFO [main] S.V.VideoJSDefinition [VideoJSDefinition.java:313] 
2024-02-15 12:05:21,775 INFO [main] S.V.VideoJSDefinition [VideoJSDefinition.java:105] Validar modal de guardado con exito
2024-02-15 12:05:43,914 INFO [main] S.H.Hooks [Hooks.java:37] Cerrando Driver
2024-02-15 12:05:47,199 INFO [main] U.Utilidades [Utilidades.java:68] Comprobando el entorno de ejecucion
2024-02-15 12:05:47,199 INFO [main] U.Utilidades [Utilidades.java:69] Environment: DEVELOPMENT
2024-02-15 12:05:47,199 INFO [main] U.Utilidades [Utilidades.java:86] Variables de entorno establecidas
2024-02-15 12:05:47,209 INFO [main] i.g.b.w.WebDriverManager [WebDriverManager.java:1217] Using msedgedriver 121.0.2277.112 (resolved driver for Edge 121)
2024-02-15 12:05:47,214 INFO [main] i.g.b.w.WebDriverManager [WebDriverManager.java:1270] Exporting webdriver.edge.driver as C:\Users\mt_ja\.cache\selenium\msedgedriver\win64\121.0.2277.112\msedgedriver.exe
2024-02-15 12:05:49,627 INFO [main] S.H.Hooks [Hooks.java:26] Nombre de escenario: 9 - Hacer Replay al video Advanced Bip Bop
2024-02-15 12:05:49,627 INFO [main] S.H.Hooks [Hooks.java:27] Tag: web
2024-02-15 12:05:49,627 INFO [main] S.H.Hooks [Hooks.java:28] Configurando Scenario Context
2024-02-15 12:05:49,628 INFO [main] S.V.VideoJSDefinition [VideoJSDefinition.java:29] Ingreso a portal VideoJS
2024-02-15 12:05:52,183 INFO [main] S.V.VideoJSDefinition [VideoJSDefinition.java:158] 
2024-02-15 12:05:53,187 INFO [main] S.V.VideoJSDefinition [VideoJSDefinition.java:54] Selecciono play al video desplegado
2024-02-15 12:05:54,623 INFO [main] S.V.VideoJSDefinition [VideoJSDefinition.java:79] Validar modal de guardado con exito
2024-02-15 12:05:56,133 INFO [main] S.V.VideoJSDefinition [VideoJSDefinition.java:105] Validar modal de guardado con exito
2024-02-15 12:06:17,534 INFO [main] S.V.VideoJSDefinition [VideoJSDefinition.java:339] 
2024-02-15 12:06:18,551 INFO [main] S.V.VideoJSDefinition [VideoJSDefinition.java:364] 
2024-02-15 12:06:19,801 INFO [main] S.V.VideoJSDefinition [VideoJSDefinition.java:79] Validar modal de guardado con exito
2024-02-15 12:06:21,128 INFO [main] S.V.VideoJSDefinition [VideoJSDefinition.java:105] Validar modal de guardado con exito
2024-02-15 12:06:43,497 INFO [main] S.H.Hooks [Hooks.java:37] Cerrando Driver
2024-02-15 12:06:47,698 INFO [main] U.Utilidades [Utilidades.java:68] Comprobando el entorno de ejecucion
2024-02-15 12:06:47,699 INFO [main] U.Utilidades [Utilidades.java:69] Environment: DEVELOPMENT
2024-02-15 12:06:47,699 INFO [main] U.Utilidades [Utilidades.java:86] Variables de entorno establecidas
2024-02-15 12:06:47,708 INFO [main] i.g.b.w.WebDriverManager [WebDriverManager.java:1217] Using msedgedriver 121.0.2277.112 (resolved driver for Edge 121)
2024-02-15 12:06:47,713 INFO [main] i.g.b.w.WebDriverManager [WebDriverManager.java:1270] Exporting webdriver.edge.driver as C:\Users\mt_ja\.cache\selenium\msedgedriver\win64\121.0.2277.112\msedgedriver.exe
2024-02-15 12:06:50,182 INFO [main] S.H.Hooks [Hooks.java:26] Nombre de escenario: 10 - Modificar los subtitulos del video "Advanced Bip Bop"
2024-02-15 12:06:50,182 INFO [main] S.H.Hooks [Hooks.java:27] Tag: web
2024-02-15 12:06:50,182 INFO [main] S.H.Hooks [Hooks.java:28] Configurando Scenario Context
2024-02-15 12:06:50,183 INFO [main] S.V.VideoJSDefinition [VideoJSDefinition.java:29] Ingreso a portal VideoJS
2024-02-15 12:06:52,803 INFO [main] S.V.VideoJSDefinition [VideoJSDefinition.java:158] 
2024-02-15 12:06:53,905 INFO [main] S.V.VideoJSDefinition [VideoJSDefinition.java:54] Selecciono play al video desplegado
2024-02-15 12:06:55,477 INFO [main] S.V.VideoJSDefinition [VideoJSDefinition.java:79] Validar modal de guardado con exito
2024-02-15 12:06:57,253 INFO [main] S.V.VideoJSDefinition [VideoJSDefinition.java:542] 
2024-02-15 12:06:58,298 INFO [main] S.V.VideoJSDefinition [VideoJSDefinition.java:517] 
2024-02-15 12:06:59,279 INFO [main] S.V.VideoJSDefinition [VideoJSDefinition.java:441] 
2024-02-15 12:07:00,058 INFO [main] S.V.VideoJSDefinition [VideoJSDefinition.java:466] 
2024-02-15 12:07:00,898 INFO [main] S.V.VideoJSDefinition [VideoJSDefinition.java:567] 
2024-02-15 12:07:01,875 INFO [main] S.V.VideoJSDefinition [VideoJSDefinition.java:414] 
2024-02-15 12:07:08,094 INFO [main] S.V.VideoJSDefinition [VideoJSDefinition.java:105] Validar modal de guardado con exito
2024-02-15 12:07:29,751 INFO [main] S.H.Hooks [Hooks.java:37] Cerrando Driver
2024-02-15 12:07:34,025 INFO [main] U.Utilidades [Utilidades.java:68] Comprobando el entorno de ejecucion
2024-02-15 12:07:34,025 INFO [main] U.Utilidades [Utilidades.java:69] Environment: DEVELOPMENT
2024-02-15 12:07:34,026 INFO [main] U.Utilidades [Utilidades.java:86] Variables de entorno establecidas
2024-02-15 12:07:34,034 INFO [main] i.g.b.w.WebDriverManager [WebDriverManager.java:1217] Using msedgedriver 121.0.2277.112 (resolved driver for Edge 121)
2024-02-15 12:07:34,040 INFO [main] i.g.b.w.WebDriverManager [WebDriverManager.java:1270] Exporting webdriver.edge.driver as C:\Users\mt_ja\.cache\selenium\msedgedriver\win64\121.0.2277.112\msedgedriver.exe
2024-02-15 12:07:37,221 INFO [main] S.H.Hooks [Hooks.java:26] Nombre de escenario: 11 - cambiar el audio del video "Advanced Bip Bop"
2024-02-15 12:07:37,221 INFO [main] S.H.Hooks [Hooks.java:27] Tag: web
2024-02-15 12:07:37,221 INFO [main] S.H.Hooks [Hooks.java:28] Configurando Scenario Context
2024-02-15 12:07:37,222 INFO [main] S.V.VideoJSDefinition [VideoJSDefinition.java:29] Ingreso a portal VideoJS
2024-02-15 12:07:39,600 INFO [main] S.V.VideoJSDefinition [VideoJSDefinition.java:158] 
2024-02-15 12:07:40,978 INFO [main] S.V.VideoJSDefinition [VideoJSDefinition.java:54] Selecciono play al video desplegado
2024-02-15 12:07:42,859 INFO [main] S.V.VideoJSDefinition [VideoJSDefinition.java:79] Validar modal de guardado con exito
2024-02-15 12:07:44,522 INFO [main] S.V.VideoJSDefinition [VideoJSDefinition.java:491] 
2024-02-15 12:07:50,675 INFO [main] S.V.VideoJSDefinition [VideoJSDefinition.java:105] Validar modal de guardado con exito
2024-02-15 12:08:12,464 INFO [main] S.H.Hooks [Hooks.java:37] Cerrando Driver
